2025-11-06 10:16:00 | DEBUG | repo=richrates | action=commit
2025-02-24 18:36:00 | WARN | repo=richrates | action=commit
2025-02-03 10:27:00 | WARN | repo=richrates | action=commit
2025-08-02 20:32:00 | INFO | repo=richrates | action=commit
2025-07-25 11:48:00 | WARN | repo=richrates | action=commit
2025-08-14 13:52:00 | WARN | repo=richrates | action=commit
2025-01-17 07:42:00 | WARN | repo=richrates | action=commit
2025-01-02 08:18:00 | DEBUG | repo=richrates | action=edit | files=2
2025-01-08 10:23:00 | DEBUG | repo=richrates | action=commit
2025-08-28 19:21:00 | INFO | repo=richrates | action=commit
2025-04-09 20:08:00 | DEBUG | repo=richrates | action=commit
2025-09-21 18:17:00 | WARN | repo=richrates | action=commit
2025-12-12 21:55:00 | WARN | repo=richrates | action=commit
2025-03-24 07:11:00 | INFO | repo=richrates | action=commit
2025-06-03 15:50:00 | WARN | repo=richrates | action=commit
2025-07-07 21:42:00 | WARN | repo=richrates | action=commit
2025-05-19 21:05:00 | WARN | repo=richrates | action=edit | files=3
2025-01-04 16:25:00 | DEBUG | repo=richrates | action=commit
2025-07-01 20:25:00 | DEBUG | repo=richrates | action=test | passed=true
2025-03-03 16:58:00 | WARN | repo=richrates | action=commit
2025-10-26 20:27:00 | DEBUG | repo=richrates | action=commit
2025-08-18 16:38:00 | DEBUG | repo=richrates | action=pull
2025-06-10 18:14:00 | WARN | repo=richrates | action=test | passed=true
2025-05-08 09:28:00 | INFO | repo=richrates | action=edit | files=5
2025-05-27 17:03:00 | INFO | repo=richrates | action=pull
2025-01-03 20:12:00 | DEBUG | repo=richrates | action=edit | files=2
2025-08-03 17:07:00 | INFO | repo=richrates | action=edit | files=5
2025-09-26 13:22:00 | INFO | repo=richrates | action=pull
2025-09-12 21:09:00 | INFO | repo=richrates | action=commit
2025-08-02 11:31:00 | DEBUG | repo=richrates | action=pull
2025-12-18 15:01:00 | DEBUG | repo=richrates | action=commit
2025-09-24 08:01:00 | DEBUG | repo=richrates | action=commit
2025-08-04 14:59:00 | DEBUG | repo=richrates | action=commit
2025-01-19 20:20:00 | INFO | repo=richrates | action=commit
2025-02-08 18:43:00 | DEBUG | repo=richrates | action=commit
2025-03-04 07:05:00 | DEBUG | repo=richrates | action=commit
